<?xml version="1.0" encoding="UTF-8"?>
<testsuite name="de.tud.cs.se.flashcards.model.learning.LearningStrategiesTest" tests="1" skipped="0" failures="0" errors="0" timestamp="2019-01-25T10:57:45" hostname="DESKTOP-4H1ITA0" time="0.011">
  <properties/>
  <testcase name="test" classname="de.tud.cs.se.flashcards.model.learning.LearningStrategiesTest" time="0.011"/>
  <system-out><![CDATA[]]></system-out>
  <system-err><![CDATA[]]></system-err>
</testsuite>
